{
  "RSpec": {
    "coverage": {
      "/home/saasbook/Documents/textbookswap/app/controllers/application_controller.rb": [
        1,
        1,
        null
      ],
      "/home/saasbook/Documents/textbookswap/app/helpers/application_helper.rb": [
        1,
        null
      ],
      "/home/saasbook/Documents/textbookswap/app/helpers/books_helper.rb": [
        1,
        null
      ],
      "/home/saasbook/Documents/textbookswap/app/helpers/courses_helper.rb": [
        1,
        null
      ],
      "/home/saasbook/Documents/textbookswap/app/helpers/index_helper.rb": [
        1,
        null
      ],
      "/home/saasbook/Documents/textbookswap/app/helpers/postings_helper.rb": [
        1,
        null
      ],
      "/home/saasbook/Documents/textbookswap/app/controllers/books_controller.rb": [
        1,
        1,
        null,
        null,
        1,
        null,
        null,
        1,
        null,
        null,
        1,
        null,
        null
      ],
      "/home/saasbook/Documents/textbookswap/app/models/book.rb": [
        1,
        1,
        1,
        1,
        null
      ],
      "/home/saasbook/Documents/textbookswap/app/controllers/courses_controller.rb": [
        1,
        1,
        8,
        8,
        8,
        8,
        3,
        null,
        8,
        8,
        8,
        3,
        null,
        8,
        8,
        8,
        3,
        null,
        null,
        null,
        1,
        1,
        1,
        null,
        null,
        1,
        8,
        8,
        8,
        0,
        0,
        null,
        8,
        null,
        null,
        null,
        null,
        8,
        2,
        2,
        null,
        6,
        null,
        null,
        1,
        6,
        6,
        null,
        6,
        null,
        6,
        0,
        null,
        null,
        null,
        null,
        null,
        1,
        null,
        null,
        null,
        1,
        null,
        null
      ],
      "/home/saasbook/Documents/textbookswap/app/models/course.rb": [
        1,
        1,
        1,
        null,
        1,
        null,
        1,
        1,
        1,
        1,
        1,
        1,
        1,
        1,
        1,
        1,
        null,
        1,
        1,
        1,
        1,
        1,
        1,
        1,
        2,
        2,
        2,
        2,
        null,
        null,
        null,
        null,
        1,
        1,
        1,
        null,
        null,
        1,
        0,
        0,
        0,
        0,
        0,
        0,
        0,
        0,
        0,
        0,
        0,
        0,
        0,
        0,
        null,
        null,
        null,
        0,
        null,
        null,
        null,
        1,
        2,
        2,
        2,
        2,
        6,
        6,
        2,
        null,
        4,
        null,
        null,
        2,
        null,
        null
      ],
      "/home/saasbook/Documents/textbookswap/app/controllers/index_controller.rb": [
        1,
        null,
        1,
        2,
        null,
        null,
        null
      ],
      "/home/saasbook/Documents/textbookswap/app/controllers/postings_controller.rb": [
        1,
        1,
        null,
        null,
        1,
        null,
        null,
        1,
        null,
        null,
        1,
        null,
        null
      ],
      "/home/saasbook/Documents/textbookswap/app/models/posting.rb": [
        1,
        1,
        null
      ],
      "/home/saasbook/Documents/textbookswap/app/models/requirement.rb": [
        null,
        1,
        1,
        1,
        null
      ]
    },
    "timestamp": 1333858736
  }
}
